<?xml version="1.0" encoding="utf-8"?><testsuites name="pytest tests"><testsuite name="pytest" errors="0" failures="0" skipped="0" tests="6" time="15.889" timestamp="2026-07-04T17:54:02.706256+00:00" hostname="agent-env-321ae893-f0f3-4381-b8ff-2df404869738"><testcase classname="tests.test_new_features" name="test_sse_streaming" time="6.012" /><testcase classname="tests.test_new_features" name="test_recording_upload_and_metadata" time="0.500" /><testcase classname="tests.test_new_features" name="test_recording_download" time="0.273" /><testcase classname="tests.test_new_features" name="test_pdf_export" time="5.293" /><testcase classname="tests.test_new_features" name="test_tts_endpoint" time="0.971" /><testcase classname="tests.test_new_features" name="test_audio_transcription_empty" time="2.530" /></testsuite></testsuites>