<?xml version="1.0" encoding="utf-8"?><testsuites name="pytest tests"><testsuite name="pytest" errors="0" failures="0" skipped="0" tests="15" time="57.090" timestamp="2026-07-04T18:11:36.988124+00:00" hostname="agent-env-321ae893-f0f3-4381-b8ff-2df404869738"><testcase classname="tests.test_iter3_features" name="test_regression_models_and_ateliers" time="0.695" /><testcase classname="tests.test_iter3_features" name="test_regression_stats_summary" time="0.100" /><testcase classname="tests.test_iter3_features" name="test_regression_auth_me" time="0.100" /><testcase classname="tests.test_iter3_features" name="test_create_interview_with_atelier" time="3.123" /><testcase classname="tests.test_iter3_features" name="test_panel_interview_created_with_first_counsel" time="3.007" /><testcase classname="tests.test_iter3_features" name="test_panel_default_panel_when_missing" time="3.578" /><testcase classname="tests.test_iter3_features" name="test_panel_rotation_via_messages" time="23.141" /><testcase classname="tests.test_iter3_features" name="test_panel_sse_stream_has_counsel_meta" time="5.904" /><testcase classname="tests.test_iter3_features" name="test_kits_crud" time="1.319" /><testcase classname="tests.test_iter3_features" name="test_demo_user_has_empty_kits_isolation" time="0.102" /><testcase classname="tests.test_iter3_features" name="test_create_interview_with_kit_id" time="3.037" /><testcase classname="tests.test_iter3_features" name="test_public_share_get" time="11.832" /><testcase classname="tests.test_iter3_features" name="test_reviewer_note_flow" time="0.209" /><testcase classname="tests.test_iter3_features" name="test_share_revoke" time="0.185" /><testcase classname="tests.test_iter3_features" name="test_role_toggle_self_serve" time="0.401" /></testsuite></testsuites>