<?xml version="1.0" encoding="utf-8"?><testsuites name="pytest tests"><testsuite name="pytest" errors="0" failures="1" skipped="0" tests="12" time="13.026" timestamp="2026-07-04T17:41:51.493056+00:00" hostname="agent-env-321ae893-f0f3-4381-b8ff-2df404869738"><testcase classname="tests.backend_test" name="test_root" time="0.241" /><testcase classname="tests.backend_test" name="test_models" time="0.042" /><testcase classname="tests.backend_test" name="test_register_and_me" time="0.271"><failure message="AssertionError: Internal Server Error&#10;assert 500 == 200&#10; +  where 500 = &lt;Response [500]&gt;.status_code">backend/tests/backend_test.py:55: in test_register_and_me
    assert r.status_code == 200, r.text
E   AssertionError: Internal Server Error
E   assert 500 == 200
E    +  where 500 = &lt;Response [500]&gt;.status_code</failure></testcase><testcase classname="tests.backend_test" name="test_login_demo" time="0.266" /><testcase classname="tests.backend_test" name="test_login_invalid" time="0.262" /><testcase classname="tests.backend_test" name="test_me_unauth" time="0.042" /><testcase classname="tests.backend_test" name="test_stats_summary" time="0.391" /><testcase classname="tests.backend_test" name="test_list_resumes" time="0.106" /><testcase classname="tests.backend_test" name="test_list_interviews" time="0.102" /><testcase classname="tests.backend_test" name="test_create_interview_persists" time="3.182" /><testcase classname="tests.backend_test" name="test_send_message_and_finish" time="5.847" /><testcase classname="tests.backend_test" name="test_claude_budget_exhausted_expected" time="1.936" /></testsuite></testsuites>